\BOOKMARK [0][-]{chapter.1}{Basic Mechanics of Materials Review}{}% 1
\BOOKMARK [1][-]{section.1.1}{General Concepts of Load}{chapter.1}% 2
\BOOKMARK [1][-]{section.1.2}{Stress}{chapter.1}% 3
\BOOKMARK [1][-]{section.1.3}{Strain}{chapter.1}% 4
\BOOKMARK [1][-]{section.1.4}{Mechanical Properties of Materials}{chapter.1}% 5
\BOOKMARK [1][-]{section.1.5}{Thermal effect}{chapter.1}% 6
\BOOKMARK [0][-]{chapter.2}{Analysis of Axially Loaded Members}{}% 7
\BOOKMARK [1][-]{section.2.1}{Statically Determinate Systems}{chapter.2}% 8
\BOOKMARK [1][-]{section.2.2}{Statically Indeterminate Systems}{chapter.2}% 9
\BOOKMARK [1][-]{section.2.3}{Statically Indeterminate Systems with Thermal Effects}{chapter.2}% 10
\BOOKMARK [1][-]{section.2.4}{Inelastic Deformation}{chapter.2}% 11
\BOOKMARK [1][-]{section.2.5}{Dynamic Loading and Material Response}{chapter.2}% 12
\BOOKMARK [0][-]{chapter.3}{Analysis of Members under Torsion}{}% 13
\BOOKMARK [1][-]{section.3.1}{Simple torsion}{chapter.3}% 14
\BOOKMARK [1][-]{section.3.2}{Nonuniform Torsion}{chapter.3}% 15
\BOOKMARK [1][-]{section.3.3}{Statically Indeterminate Members under Torsion}{chapter.3}% 16
\BOOKMARK [1][-]{section.3.4}{Power Transmission}{chapter.3}% 17
\BOOKMARK [1][-]{section.3.5}{Torsion of Thin-walled Tubular Members}{chapter.3}% 18
\BOOKMARK [0][-]{chapter.4}{Analysis of Beam Bending}{}% 19
\BOOKMARK [1][-]{section.4.1}{Symmetric Beam Bending}{chapter.4}% 20
\BOOKMARK [1][-]{section.4.2}{Beams of Composite Cross Sections}{chapter.4}% 21
\BOOKMARK [1][-]{section.4.3}{Doubly Symmetric Beams with Inclined Loads}{chapter.4}% 22
\BOOKMARK [1][-]{section.4.4}{Shear stresses in beams}{chapter.4}% 23
\BOOKMARK [1][-]{section.4.5}{Shear Flow}{chapter.4}% 24
\BOOKMARK [1][-]{section.4.6}{Shear Center}{chapter.4}% 25
\BOOKMARK [1][-]{section.4.7}{Bending in Curved Beams}{chapter.4}% 26
\BOOKMARK [0][-]{chapter.5}{Analysis of Beam Deflection}{}% 27
\BOOKMARK [1][-]{section.5.1}{Direct Integration Approach}{chapter.5}% 28
\BOOKMARK [1][-]{section.5.2}{Energy Approach}{chapter.5}% 29
\BOOKMARK [0][-]{chapter.6}{Analysis of Multiaxial Stress}{}% 30
\BOOKMARK [1][-]{section.6.1}{Plane Stress}{chapter.6}% 31
\BOOKMARK [1][-]{section.6.2}{Stress Transformation for Plane Stress}{chapter.6}% 32
\BOOKMARK [1][-]{section.6.3}{Mohr\220s Circle for Stress Transformation}{chapter.6}% 33
\BOOKMARK [1][-]{section.6.4}{Hooke\220s Law for Plane Stress}{chapter.6}% 34
\BOOKMARK [1][-]{section.6.5}{Triaxial Stress}{chapter.6}% 35
\BOOKMARK [1][-]{section.6.6}{Plane Strain}{chapter.6}% 36
\BOOKMARK [1][-]{section.6.7}{Plane-Strain Transformation}{chapter.6}% 37
\BOOKMARK [1][-]{section.6.8}{Absolute Maximum Shear Strain}{chapter.6}% 38
\BOOKMARK [1][-]{section.6.9}{Strain Rosette}{chapter.6}% 39
\BOOKMARK [0][-]{chapter.7}{Analysis of Members under Combined Loadings}{}% 40
\BOOKMARK [1][-]{section.7.1}{Thin-Walled Pressure Vessels}{chapter.7}% 41
\BOOKMARK [1][-]{section.7.2}{State of Stress Caused by Combined Loadings}{chapter.7}% 42
\BOOKMARK [0][-]{chapter.8}{Energy Method}{}% 43
\BOOKMARK [1][-]{section.8.1}{Mechanical Work}{chapter.8}% 44
\BOOKMARK [1][-]{section.8.2}{Strain Energy}{chapter.8}% 45
\BOOKMARK [1][-]{section.8.3}{Strain Energy for Different Types of Loading}{chapter.8}% 46
\BOOKMARK [1][-]{section.8.4}{Principle of Virtual Work}{chapter.8}% 47
\BOOKMARK [1][-]{section.8.5}{Application of Energy Methods}{chapter.8}% 48
\BOOKMARK [0][-]{chapter.9}{Introduction to Theories of Failure}{}% 49
\BOOKMARK [1][-]{section.9.1}{Yield and Fracture}{chapter.9}% 50
\BOOKMARK [1][-]{section.9.2}{Fatigue}{chapter.9}% 51
\BOOKMARK [1][-]{section.9.3}{Buckling}{chapter.9}% 52
\BOOKMARK [0][-]{chapter*.102}{Bibliography}{}% 53
